
Showing logs for build [32mcb-kubecd-environment-pr-205-16-jpllh-1[0m stage [32mfrom-build-pack[0m and container [32mstep-credential-initializer-lrxjg[0m
{"level":"info","ts":1587461706.9542313,"logger":"fallback-logger","caller":"logging/config.go:69","msg":"Fetch GitHub commit ID from kodata failed: open /var/run/ko/refs/heads/0.8.0-ns-support: no such file or directory"}
{"level":"info","ts":1587461706.9550304,"logger":"fallback-logger","caller":"creds-init/main.go:40","msg":"Credentials initialized."}

Showing logs for build [32mcb-kubecd-environment-pr-205-16-jpllh-1[0m stage [32mfrom-build-pack[0m and container [32mstep-working-dir-initializer-lk86h[0m
{"level":"info","ts":1587461707.8290079,"logger":"fallback-logger","caller":"logging/config.go:69","msg":"Fetch GitHub commit ID from kodata failed: open /var/run/ko/HEAD: no such file or directory"}
{"level":"info","ts":1587461707.8307016,"logger":"fallback-logger","caller":"bash/main.go:64","msg":"Successfully executed command \"sh -c mkdir -p /workspace/source\"; output "}

Showing logs for build [32mcb-kubecd-environment-pr-205-16-jpllh-1[0m stage [32mfrom-build-pack[0m and container [32mstep-place-tools[0m

Showing logs for build [32mcb-kubecd-environment-pr-205-16-jpllh-1[0m stage [32mfrom-build-pack[0m and container [32mstep-git-source-cb-kubecd-environment-pr-205-16-jpllh-jbggp[0m
{"level":"info","ts":1587461711.9875927,"logger":"fallback-logger","caller":"logging/config.go:69","msg":"Fetch GitHub commit ID from kodata failed: open /var/run/ko/refs/heads/0.8.0-ns-support: no such file or directory"}
{"level":"info","ts":1587461713.0886002,"logger":"fallback-logger","caller":"git/git.go:103","msg":"Successfully cloned https://github.com/cb-kubecd/environment-pr-205-162-boot-vault-gke-staging.git @ master in path /workspace/source"}

Showing logs for build [32mcb-kubecd-environment-pr-205-16-jpllh-1[0m stage [32mfrom-build-pack[0m and container [32mstep-git-merge[0m
Using SHAs from PULL_REFS=master:1ae3e98542f3e492fbef9d9e4ea256ac9bbc3aa3,3:e52a3de94c8d4421389fc3313492207efbdfa2d7
DEBUG: LC_ALL=C JX_LOG_LEVEL=error git fetch origin --unshallow e52a3de94c8d4421389fc3313492207efbdfa2d7: 1ae3e98542f3e492fbef9d9e4ea256ac9bbc3aa3:
DEBUG: ran git fetch --unshallow origin e52a3de94c8d4421389fc3313492207efbdfa2d7: 1ae3e98542f3e492fbef9d9e4ea256ac9bbc3aa3: in 
DEBUG: LC_ALL=C JX_LOG_LEVEL=error git branch
DEBUG: LC_ALL=C JX_LOG_LEVEL=error git checkout master
DEBUG: ran git checkout master in 
DEBUG: LC_ALL=C JX_LOG_LEVEL=error git reset --hard 1ae3e98542f3e492fbef9d9e4ea256ac9bbc3aa3
DEBUG: ran git reset --hard 1ae3e98542f3e492fbef9d9e4ea256ac9bbc3aa3 in 
DEBUG: LC_ALL=C JX_LOG_LEVEL=error git clean -fd .
DEBUG: ran clean --force -d . in 
DEBUG: LC_ALL=C JX_LOG_LEVEL=error git merge e52a3de94c8d4421389fc3313492207efbdfa2d7
DEBUG: ran git merge e52a3de94c8d4421389fc3313492207efbdfa2d7 in 
DEBUG: LC_ALL=C JX_LOG_LEVEL=error git log --format=%H%x1f%an%x1f%ae%x1f%cn%x1f%ce%x1f%s%n%b%x1e 1ae3e98542f3e492fbef9d9e4ea256ac9bbc3aa3..HEAD
Merged SHA e52a3de94c8d4421389fc3313492207efbdfa2d7 with commit message 'chore: Promote bdd-gh-1587459920 to version 0.0.1' into base branch master

Showing logs for build [32mcb-kubecd-environment-pr-205-16-jpllh-1[0m stage [32mfrom-build-pack[0m and container [32mstep-build-helm-build[0m
WARNING: No $CHART_REPOSITORY defined so using the default value of: http://jenkins-x-chartmuseum:8080
Adding missing Helm repo: storage.googleapis.com https://storage.googleapis.com/chartmuseum.jenkins-x.io
WARNING: No secrets found on "helm/repos" due: reading the secret "helm/repos" from vault: no secret "helm/repos" not found in vault
Read credentials for https://storage.googleapis.com/chartmuseum.jenkins-x.io from vault helm/repos
Successfully added Helm repository storage.googleapis.com.
Adding missing Helm repo: jenkins-x-chartmuseum http://jenkins-x-chartmuseum:8080
WARNING: No secrets found on "helm/repos" due: reading the secret "helm/repos" from vault: no secret "helm/repos" not found in vault
Read credentials for http://jenkins-x-chartmuseum:8080 from vault helm/repos
Successfully added Helm repository jenkins-x-chartmuseum.
WARNING: No $CHART_REPOSITORY defined so using the default value of: http://jenkins-x-chartmuseum:8080
Adding missing Helm repo: chartmuseum.jenkins-x.io http://chartmuseum.jenkins-x.io
WARNING: No secrets found on "helm/repos" due: reading the secret "helm/repos" from vault: no secret "helm/repos" not found in vault
Read credentials for http://chartmuseum.jenkins-x.io from vault helm/repos
Successfully added Helm repository chartmuseum.jenkins-x.io.
