
Showing logs for build [32mcb-kubecd-environment-pr-205-16-hk76v-1[0m stage [32mfrom-build-pack[0m and container [32mstep-credential-initializer-tbfbh[0m
{"level":"info","ts":1587462615.7326763,"logger":"fallback-logger","caller":"logging/config.go:69","msg":"Fetch GitHub commit ID from kodata failed: open /var/run/ko/refs/heads/0.8.0-ns-support: no such file or directory"}
{"level":"info","ts":1587462615.7333844,"logger":"fallback-logger","caller":"creds-init/main.go:40","msg":"Credentials initialized."}

Showing logs for build [32mcb-kubecd-environment-pr-205-16-hk76v-1[0m stage [32mfrom-build-pack[0m and container [32mstep-working-dir-initializer-v7s2k[0m
{"level":"info","ts":1587462616.42682,"logger":"fallback-logger","caller":"logging/config.go:69","msg":"Fetch GitHub commit ID from kodata failed: open /var/run/ko/HEAD: no such file or directory"}
{"level":"info","ts":1587462616.428172,"logger":"fallback-logger","caller":"bash/main.go:64","msg":"Successfully executed command \"sh -c mkdir -p /workspace/source\"; output "}

Showing logs for build [32mcb-kubecd-environment-pr-205-16-hk76v-1[0m stage [32mfrom-build-pack[0m and container [32mstep-place-tools[0m

Showing logs for build [32mcb-kubecd-environment-pr-205-16-hk76v-1[0m stage [32mfrom-build-pack[0m and container [32mstep-git-source-cb-kubecd-environment-pr-205-16-hk76v-2flkc[0m
{"level":"info","ts":1587462620.6510618,"logger":"fallback-logger","caller":"logging/config.go:69","msg":"Fetch GitHub commit ID from kodata failed: open /var/run/ko/refs/heads/0.8.0-ns-support: no such file or directory"}
{"level":"info","ts":1587462621.7535944,"logger":"fallback-logger","caller":"git/git.go:103","msg":"Successfully cloned https://github.com/cb-kubecd/environment-pr-205-162-boot-vault-gke-staging.git @ master in path /workspace/source"}

Showing logs for build [32mcb-kubecd-environment-pr-205-16-hk76v-1[0m stage [32mfrom-build-pack[0m and container [32mstep-git-merge[0m
Using SHAs from PULL_REFS=master:fba2d20a6cd5f483ed2aa8fe3d365ce8bc98decb,4:2e0a94a44da72190924cad5a4e67d44ea301118c
DEBUG: LC_ALL=C JX_LOG_LEVEL=error git fetch origin --unshallow 2e0a94a44da72190924cad5a4e67d44ea301118c: fba2d20a6cd5f483ed2aa8fe3d365ce8bc98decb:
DEBUG: ran git fetch --unshallow origin 2e0a94a44da72190924cad5a4e67d44ea301118c: fba2d20a6cd5f483ed2aa8fe3d365ce8bc98decb: in 
DEBUG: LC_ALL=C JX_LOG_LEVEL=error git branch
DEBUG: LC_ALL=C JX_LOG_LEVEL=error git checkout master
DEBUG: ran git checkout master in 
DEBUG: LC_ALL=C JX_LOG_LEVEL=error git reset --hard fba2d20a6cd5f483ed2aa8fe3d365ce8bc98decb
DEBUG: ran git reset --hard fba2d20a6cd5f483ed2aa8fe3d365ce8bc98decb in 
DEBUG: JX_LOG_LEVEL=error LC_ALL=C git clean -fd .
DEBUG: ran clean --force -d . in 
DEBUG: LC_ALL=C JX_LOG_LEVEL=error git merge 2e0a94a44da72190924cad5a4e67d44ea301118c
DEBUG: ran git merge 2e0a94a44da72190924cad5a4e67d44ea301118c in 
DEBUG: LC_ALL=C JX_LOG_LEVEL=error git log --format=%H%x1f%an%x1f%ae%x1f%cn%x1f%ce%x1f%s%n%b%x1e fba2d20a6cd5f483ed2aa8fe3d365ce8bc98decb..HEAD
Merged SHA 2e0a94a44da72190924cad5a4e67d44ea301118c with commit message 'chore: Promote bdd-nh-1587459920 to version 0.0.1' into base branch master

Showing logs for build [32mcb-kubecd-environment-pr-205-16-hk76v-1[0m stage [32mfrom-build-pack[0m and container [32mstep-build-helm-build[0m
WARNING: No $CHART_REPOSITORY defined so using the default value of: http://jenkins-x-chartmuseum:8080
Adding missing Helm repo: storage.googleapis.com https://storage.googleapis.com/chartmuseum.jenkins-x.io
WARNING: No secrets found on "helm/repos" due: reading the secret "helm/repos" from vault: no secret "helm/repos" not found in vault
Read credentials for https://storage.googleapis.com/chartmuseum.jenkins-x.io from vault helm/repos
Successfully added Helm repository storage.googleapis.com.
Adding missing Helm repo: jenkins-x-chartmuseum http://jenkins-x-chartmuseum:8080
WARNING: No secrets found on "helm/repos" due: reading the secret "helm/repos" from vault: no secret "helm/repos" not found in vault
Read credentials for http://jenkins-x-chartmuseum:8080 from vault helm/repos
Successfully added Helm repository jenkins-x-chartmuseum.
WARNING: No $CHART_REPOSITORY defined so using the default value of: http://jenkins-x-chartmuseum:8080
Adding missing Helm repo: chartmuseum.jenkins-x.io http://chartmuseum.jenkins-x.io
WARNING: No secrets found on "helm/repos" due: reading the secret "helm/repos" from vault: no secret "helm/repos" not found in vault
Read credentials for http://chartmuseum.jenkins-x.io from vault helm/repos
Successfully added Helm repository chartmuseum.jenkins-x.io.
